\BOOKMARK [0][-]{chapter.1}{Introdu\347\343o}{}% 1
\BOOKMARK [0][-]{chapter.2}{Metodologia}{}% 2
\BOOKMARK [1][-]{section.2.1}{Exemplos}{chapter.2}% 3
\BOOKMARK [2][-]{subsection.2.1.1}{Utiliza\347\343o de acr\363nimos}{section.2.1}% 4
\BOOKMARK [2][-]{subsection.2.1.2}{Refer\352ncias bibliogr\341ficas}{section.2.1}% 5
\BOOKMARK [0][-]{chapter.3}{Conte\372do}{}% 6
\BOOKMARK [1][-]{section.3.1}{Evolu\347\343o de Sistemas de Armazenamento de Dados}{chapter.3}% 7
\BOOKMARK [2][-]{subsection.3.1.1}{Cart\343o Perfurado}{section.3.1}% 8
\BOOKMARK [2][-]{subsection.3.1.2}{Tubo de Williams}{section.3.1}% 9
\BOOKMARK [2][-]{subsection.3.1.3}{Tambor de Mem\363ria}{section.3.1}% 10
\BOOKMARK [2][-]{subsection.3.1.4}{UNISERVO}{section.3.1}% 11
\BOOKMARK [2][-]{subsection.3.1.5}{IBM 350 Disk Storage Unit}{section.3.1}% 12
\BOOKMARK [2][-]{subsection.3.1.6}{Cassete}{section.3.1}% 13
\BOOKMARK [2][-]{subsection.3.1.7}{Disquete}{section.3.1}% 14
\BOOKMARK [2][-]{subsection.3.1.8}{IBM 3380}{section.3.1}% 15
\BOOKMARK [2][-]{subsection.3.1.9}{ST-506}{section.3.1}% 16
\BOOKMARK [2][-]{subsection.3.1.10}{Digital Audio Tape}{section.3.1}% 17
\BOOKMARK [2][-]{subsection.3.1.11}{CD-R}{section.3.1}% 18
\BOOKMARK [2][-]{subsection.3.1.12}{MiniDisc Data}{section.3.1}% 19
\BOOKMARK [2][-]{subsection.3.1.13}{ZIP}{section.3.1}% 20
\BOOKMARK [2][-]{subsection.3.1.14}{Seagate Barracuda}{section.3.1}% 21
\BOOKMARK [2][-]{subsection.3.1.15}{IBM 170 Microdrive}{section.3.1}% 22
\BOOKMARK [2][-]{subsection.3.1.16}{IBM DiskOnKey}{section.3.1}% 23
\BOOKMARK [2][-]{subsection.3.1.17}{SD Card}{section.3.1}% 24
\BOOKMARK [0][-]{chapter.4}{Conclus\365es}{}% 25
