\BOOKMARK [0][-]{chapter.1}{Introdu\347\343o}{}% 1
\BOOKMARK [0][-]{chapter.2}{Metodologia}{}% 2
\BOOKMARK [0][-]{chapter.3}{Evolu\347\343o de Sistemas de Armazenamento de Dados}{}% 3
\BOOKMARK [1][-]{section.3.1}{Cart\343o Perfurado}{chapter.3}% 4
\BOOKMARK [1][-]{section.3.2}{Tubo de Williams}{chapter.3}% 5
\BOOKMARK [1][-]{section.3.3}{Tambor de Mem\363ria}{chapter.3}% 6
\BOOKMARK [1][-]{section.3.4}{UNISERVO}{chapter.3}% 7
\BOOKMARK [1][-]{section.3.5}{IBM 350 Disk Storage Unit}{chapter.3}% 8
\BOOKMARK [1][-]{section.3.6}{Cassete}{chapter.3}% 9
\BOOKMARK [1][-]{section.3.7}{Disquete}{chapter.3}% 10
\BOOKMARK [1][-]{section.3.8}{IBM 3380}{chapter.3}% 11
\BOOKMARK [1][-]{section.3.9}{ST-506}{chapter.3}% 12
\BOOKMARK [1][-]{section.3.10}{Digital Audio Tape}{chapter.3}% 13
\BOOKMARK [1][-]{section.3.11}{CD-R}{chapter.3}% 14
\BOOKMARK [1][-]{section.3.12}{MiniDisc Data}{chapter.3}% 15
\BOOKMARK [1][-]{section.3.13}{ZIP}{chapter.3}% 16
\BOOKMARK [1][-]{section.3.14}{Seagate Barracuda}{chapter.3}% 17
\BOOKMARK [1][-]{section.3.15}{IBM 170 Microdrive}{chapter.3}% 18
\BOOKMARK [1][-]{section.3.16}{IBM DiskOnKey}{chapter.3}% 19
\BOOKMARK [1][-]{section.3.17}{SD Card}{chapter.3}% 20
\BOOKMARK [1][-]{section.3.18}{Solid-State Drive \(SSD\)}{chapter.3}% 21
\BOOKMARK [1][-]{section.3.19}{Cloud Storage}{chapter.3}% 22
\BOOKMARK [0][-]{chapter.4}{Conclus\365es Finais}{}% 23
